{"C:\\Users\\Frank\\Desktop\\projekt-reddit\\reddit-scrapper-api\\build\\app.js": {"path":"C:\\Users\\Frank\\Desktop\\projekt-reddit\\reddit-scrapper-api\\build\\app.js","statementMap":{"0":{"start":{"line":2,"column":0},"end":{"line":2,"column":62}},"1":{"start":{"line":3,"column":16},"end":{"line":3,"column":34}},"2":{"start":{"line":4,"column":19},"end":{"line":4,"column":41}},"3":{"start":{"line":5,"column":18},"end":{"line":5,"column":38}},"4":{"start":{"line":6,"column":13},"end":{"line":6,"column":28}},"5":{"start":{"line":7,"column":17},"end":{"line":7,"column":36}},"6":{"start":{"line":8,"column":21},"end":{"line":8,"column":51}},"7":{"start":{"line":9,"column":12},"end":{"line":9,"column":21}},"8":{"start":{"line":10,"column":18},"end":{"line":10,"column":57}},"9":{"start":{"line":11,"column":0},"end":{"line":11,"column":62}},"10":{"start":{"line":12,"column":0},"end":{"line":26,"column":3}},"11":{"start":{"line":15,"column":4},"end":{"line":15,"column":46}},"12":{"start":{"line":16,"column":4},"end":{"line":22,"column":7}},"13":{"start":{"line":18,"column":8},"end":{"line":18,"column":25}},"14":{"start":{"line":21,"column":8},"end":{"line":21,"column":40}},"15":{"start":{"line":25,"column":4},"end":{"line":25,"column":57}},"16":{"start":{"line":27,"column":0},"end":{"line":27,"column":16}},"17":{"start":{"line":28,"column":0},"end":{"line":28,"column":52}},"18":{"start":{"line":29,"column":0},"end":{"line":29,"column":27}},"19":{"start":{"line":30,"column":0},"end":{"line":30,"column":34}},"20":{"start":{"line":31,"column":15},"end":{"line":31,"column":39}},"21":{"start":{"line":32,"column":19},"end":{"line":32,"column":47}},"22":{"start":{"line":33,"column":17},"end":{"line":33,"column":43}},"23":{"start":{"line":34,"column":0},"end":{"line":34,"column":33}},"24":{"start":{"line":35,"column":0},"end":{"line":35,"column":48}},"25":{"start":{"line":36,"column":0},"end":{"line":36,"column":43}},"26":{"start":{"line":37,"column":0},"end":{"line":37,"column":42}},"27":{"start":{"line":38,"column":0},"end":{"line":46,"column":3}},"28":{"start":{"line":39,"column":4},"end":{"line":45,"column":7}},"29":{"start":{"line":41,"column":8},"end":{"line":41,"column":73}},"30":{"start":{"line":44,"column":8},"end":{"line":44,"column":55}},"31":{"start":{"line":47,"column":0},"end":{"line":59,"column":3}},"32":{"start":{"line":48,"column":4},"end":{"line":58,"column":7}},"33":{"start":{"line":54,"column":8},"end":{"line":54,"column":35}},"34":{"start":{"line":57,"column":8},"end":{"line":57,"column":41}},"35":{"start":{"line":60,"column":0},"end":{"line":62,"column":3}},"36":{"start":{"line":61,"column":4},"end":{"line":61,"column":38}},"37":{"start":{"line":63,"column":0},"end":{"line":63,"column":22}}},"fnMap":{"0":{"name":"(anonymous_0)","decl":{"start":{"line":14,"column":10},"end":{"line":14,"column":11}},"loc":{"start":{"line":14,"column":16},"end":{"line":23,"column":1}},"line":14},"1":{"name":"(anonymous_1)","decl":{"start":{"line":17,"column":14},"end":{"line":17,"column":15}},"loc":{"start":{"line":17,"column":20},"end":{"line":19,"column":5}},"line":17},"2":{"name":"(anonymous_2)","decl":{"start":{"line":20,"column":15},"end":{"line":20,"column":16}},"loc":{"start":{"line":20,"column":24},"end":{"line":22,"column":5}},"line":20},"3":{"name":"(anonymous_3)","decl":{"start":{"line":24,"column":11},"end":{"line":24,"column":12}},"loc":{"start":{"line":24,"column":20},"end":{"line":26,"column":1}},"line":24},"4":{"name":"(anonymous_4)","decl":{"start":{"line":38,"column":19},"end":{"line":38,"column":20}},"loc":{"start":{"line":38,"column":39},"end":{"line":46,"column":1}},"line":38},"5":{"name":"(anonymous_5)","decl":{"start":{"line":40,"column":14},"end":{"line":40,"column":15}},"loc":{"start":{"line":40,"column":20},"end":{"line":42,"column":5}},"line":40},"6":{"name":"(anonymous_6)","decl":{"start":{"line":43,"column":15},"end":{"line":43,"column":16}},"loc":{"start":{"line":43,"column":24},"end":{"line":45,"column":5}},"line":43},"7":{"name":"(anonymous_7)","decl":{"start":{"line":47,"column":19},"end":{"line":47,"column":20}},"loc":{"start":{"line":47,"column":39},"end":{"line":59,"column":1}},"line":47},"8":{"name":"(anonymous_8)","decl":{"start":{"line":53,"column":14},"end":{"line":53,"column":15}},"loc":{"start":{"line":53,"column":32},"end":{"line":55,"column":5}},"line":53},"9":{"name":"(anonymous_9)","decl":{"start":{"line":56,"column":15},"end":{"line":56,"column":16}},"loc":{"start":{"line":56,"column":24},"end":{"line":58,"column":5}},"line":56},"10":{"name":"(anonymous_10)","decl":{"start":{"line":60,"column":13},"end":{"line":60,"column":14}},"loc":{"start":{"line":60,"column":33},"end":{"line":62,"column":1}},"line":60}},"branchMap":{},"s":{"0":1,"1":1,"2":1,"3":1,"4":1,"5":1,"6":1,"7":1,"8":1,"9":1,"10":1,"11":1,"12":1,"13":1,"14":0,"15":0,"16":1,"17":1,"18":1,"19":1,"20":1,"21":1,"22":1,"23":1,"24":1,"25":1,"26":1,"27":1,"28":2,"29":2,"30":0,"31":1,"32":0,"33":0,"34":0,"35":1,"36":1,"37":1},"f":{"0":1,"1":1,"2":0,"3":0,"4":2,"5":2,"6":0,"7":0,"8":0,"9":0,"10":1},"b":{},"_coverageSchema":"332fd63041d2c1bcb487cc26dd0d5f7d97098a6c","hash":"b803ddab829c2818c534491804fa5c474a8d0e85"}
,"C:\\Users\\Frank\\Desktop\\projekt-reddit\\reddit-scrapper-api\\build\\config.js": {"path":"C:\\Users\\Frank\\Desktop\\projekt-reddit\\reddit-scrapper-api\\build\\config.js","statementMap":{"0":{"start":{"line":2,"column":0},"end":{"line":2,"column":62}},"1":{"start":{"line":3,"column":24},"end":{"line":10,"column":1}},"2":{"start":{"line":11,"column":0},"end":{"line":11,"column":42}},"3":{"start":{"line":12,"column":17},"end":{"line":20,"column":1}},"4":{"start":{"line":13,"column":4},"end":{"line":19,"column":6}},"5":{"start":{"line":21,"column":17},"end":{"line":30,"column":1}},"6":{"start":{"line":31,"column":0},"end":{"line":31,"column":28}}},"fnMap":{"0":{"name":"(anonymous_0)","decl":{"start":{"line":12,"column":17},"end":{"line":12,"column":18}},"loc":{"start":{"line":12,"column":31},"end":{"line":20,"column":1}},"line":12}},"branchMap":{},"s":{"0":1,"1":1,"2":1,"3":1,"4":8,"5":1,"6":1},"f":{"0":8},"b":{},"_coverageSchema":"332fd63041d2c1bcb487cc26dd0d5f7d97098a6c","hash":"16f6449e6862e85242270fcc8c5a255231ffa1d2"}
,"C:\\Users\\Frank\\Desktop\\projekt-reddit\\reddit-scrapper-api\\build\\models\\ImageModel.js": {"path":"C:\\Users\\Frank\\Desktop\\projekt-reddit\\reddit-scrapper-api\\build\\models\\ImageModel.js","statementMap":{"0":{"start":{"line":2,"column":0},"end":{"line":2,"column":62}},"1":{"start":{"line":3,"column":14},"end":{"line":23,"column":1}},"2":{"start":{"line":4,"column":23},"end":{"line":21,"column":6}},"3":{"start":{"line":22,"column":4},"end":{"line":22,"column":22}},"4":{"start":{"line":24,"column":0},"end":{"line":24,"column":22}}},"fnMap":{"0":{"name":"(anonymous_0)","decl":{"start":{"line":3,"column":14},"end":{"line":3,"column":15}},"loc":{"start":{"line":3,"column":40},"end":{"line":23,"column":1}},"line":3}},"branchMap":{},"s":{"0":1,"1":1,"2":1,"3":1,"4":1},"f":{"0":1},"b":{},"_coverageSchema":"332fd63041d2c1bcb487cc26dd0d5f7d97098a6c","hash":"06f09cb045f9e18a2108fb8ef901c132ffd9a75a"}
,"C:\\Users\\Frank\\Desktop\\projekt-reddit\\reddit-scrapper-api\\build\\routes\\delete.js": {"path":"C:\\Users\\Frank\\Desktop\\projekt-reddit\\reddit-scrapper-api\\build\\routes\\delete.js","statementMap":{"0":{"start":{"line":2,"column":0},"end":{"line":2,"column":62}},"1":{"start":{"line":3,"column":14},"end":{"line":3,"column":31}},"2":{"start":{"line":4,"column":0},"end":{"line":21,"column":2}},"3":{"start":{"line":5,"column":4},"end":{"line":20,"column":7}},"4":{"start":{"line":11,"column":8},"end":{"line":16,"column":9}},"5":{"start":{"line":12,"column":12},"end":{"line":12,"column":68}},"6":{"start":{"line":15,"column":12},"end":{"line":15,"column":75}},"7":{"start":{"line":19,"column":8},"end":{"line":19,"column":43}}},"fnMap":{"0":{"name":"(anonymous_0)","decl":{"start":{"line":4,"column":22},"end":{"line":4,"column":23}},"loc":{"start":{"line":4,"column":42},"end":{"line":21,"column":1}},"line":4},"1":{"name":"(anonymous_1)","decl":{"start":{"line":10,"column":14},"end":{"line":10,"column":15}},"loc":{"start":{"line":10,"column":32},"end":{"line":17,"column":5}},"line":10},"2":{"name":"(anonymous_2)","decl":{"start":{"line":18,"column":15},"end":{"line":18,"column":16}},"loc":{"start":{"line":18,"column":24},"end":{"line":20,"column":5}},"line":18}},"branchMap":{"0":{"loc":{"start":{"line":11,"column":8},"end":{"line":16,"column":9}},"type":"if","locations":[{"start":{"line":11,"column":8},"end":{"line":16,"column":9}},{"start":{"line":11,"column":8},"end":{"line":16,"column":9}}],"line":11}},"s":{"0":1,"1":1,"2":1,"3":2,"4":2,"5":1,"6":1,"7":0},"f":{"0":2,"1":2,"2":0},"b":{"0":[1,1]},"_coverageSchema":"332fd63041d2c1bcb487cc26dd0d5f7d97098a6c","hash":"d0461d73bdf4d946eef5a623e5a01e0f13bf1883"}
,"C:\\Users\\Frank\\Desktop\\projekt-reddit\\reddit-scrapper-api\\build\\routes\\download.js": {"path":"C:\\Users\\Frank\\Desktop\\projekt-reddit\\reddit-scrapper-api\\build\\routes\\download.js","statementMap":{"0":{"start":{"line":2,"column":0},"end":{"line":2,"column":62}},"1":{"start":{"line":3,"column":14},"end":{"line":3,"column":31}},"2":{"start":{"line":4,"column":25},"end":{"line":4,"column":62}},"3":{"start":{"line":5,"column":0},"end":{"line":39,"column":2}},"4":{"start":{"line":6,"column":4},"end":{"line":38,"column":5}},"5":{"start":{"line":7,"column":24},"end":{"line":11,"column":9}},"6":{"start":{"line":12,"column":8},"end":{"line":34,"column":11}},"7":{"start":{"line":14,"column":30},"end":{"line":23,"column":14}},"8":{"start":{"line":15,"column":16},"end":{"line":15,"column":35}},"9":{"start":{"line":16,"column":16},"end":{"line":22,"column":19}},"10":{"start":{"line":18,"column":20},"end":{"line":18,"column":32}},"11":{"start":{"line":21,"column":20},"end":{"line":21,"column":33}},"12":{"start":{"line":24,"column":12},"end":{"line":30,"column":15}},"13":{"start":{"line":26,"column":16},"end":{"line":26,"column":65}},"14":{"start":{"line":29,"column":16},"end":{"line":29,"column":70}},"15":{"start":{"line":33,"column":12},"end":{"line":33,"column":66}},"16":{"start":{"line":37,"column":8},"end":{"line":37,"column":76}}},"fnMap":{"0":{"name":"(anonymous_0)","decl":{"start":{"line":5,"column":19},"end":{"line":5,"column":20}},"loc":{"start":{"line":5,"column":39},"end":{"line":39,"column":1}},"line":5},"1":{"name":"(anonymous_1)","decl":{"start":{"line":13,"column":18},"end":{"line":13,"column":19}},"loc":{"start":{"line":13,"column":30},"end":{"line":31,"column":9}},"line":13},"2":{"name":"(anonymous_2)","decl":{"start":{"line":14,"column":41},"end":{"line":14,"column":42}},"loc":{"start":{"line":14,"column":52},"end":{"line":23,"column":13}},"line":14},"3":{"name":"(anonymous_3)","decl":{"start":{"line":17,"column":26},"end":{"line":17,"column":27}},"loc":{"start":{"line":17,"column":32},"end":{"line":19,"column":17}},"line":17},"4":{"name":"(anonymous_4)","decl":{"start":{"line":20,"column":27},"end":{"line":20,"column":28}},"loc":{"start":{"line":20,"column":36},"end":{"line":22,"column":17}},"line":20},"5":{"name":"(anonymous_5)","decl":{"start":{"line":25,"column":22},"end":{"line":25,"column":23}},"loc":{"start":{"line":25,"column":28},"end":{"line":27,"column":13}},"line":25},"6":{"name":"(anonymous_6)","decl":{"start":{"line":28,"column":23},"end":{"line":28,"column":24}},"loc":{"start":{"line":28,"column":32},"end":{"line":30,"column":13}},"line":28},"7":{"name":"(anonymous_7)","decl":{"start":{"line":32,"column":19},"end":{"line":32,"column":20}},"loc":{"start":{"line":32,"column":28},"end":{"line":34,"column":9}},"line":32}},"branchMap":{"0":{"loc":{"start":{"line":6,"column":4},"end":{"line":38,"column":5}},"type":"if","locations":[{"start":{"line":6,"column":4},"end":{"line":38,"column":5}},{"start":{"line":6,"column":4},"end":{"line":38,"column":5}}],"line":6},"1":{"loc":{"start":{"line":6,"column":8},"end":{"line":6,"column":50}},"type":"binary-expr","locations":[{"start":{"line":6,"column":8},"end":{"line":6,"column":28}},{"start":{"line":6,"column":32},"end":{"line":6,"column":50}}],"line":6}},"s":{"0":1,"1":1,"2":1,"3":1,"4":1,"5":0,"6":0,"7":0,"8":0,"9":0,"10":0,"11":0,"12":0,"13":0,"14":0,"15":0,"16":1},"f":{"0":1,"1":0,"2":0,"3":0,"4":0,"5":0,"6":0,"7":0},"b":{"0":[0,1],"1":[1,0]},"_coverageSchema":"332fd63041d2c1bcb487cc26dd0d5f7d97098a6c","hash":"148785b77ff05dec3a9fe594562b842d79513cf4"}
,"C:\\Users\\Frank\\Desktop\\projekt-reddit\\reddit-scrapper-api\\build\\routes\\list.js": {"path":"C:\\Users\\Frank\\Desktop\\projekt-reddit\\reddit-scrapper-api\\build\\routes\\list.js","statementMap":{"0":{"start":{"line":2,"column":0},"end":{"line":2,"column":62}},"1":{"start":{"line":3,"column":14},"end":{"line":3,"column":31}},"2":{"start":{"line":4,"column":0},"end":{"line":22,"column":2}},"3":{"start":{"line":5,"column":4},"end":{"line":21,"column":7}},"4":{"start":{"line":7,"column":8},"end":{"line":17,"column":11}},"5":{"start":{"line":9,"column":16},"end":{"line":15,"column":18}},"6":{"start":{"line":20,"column":8},"end":{"line":20,"column":53}},"7":{"start":{"line":23,"column":0},"end":{"line":45,"column":2}},"8":{"start":{"line":24,"column":4},"end":{"line":44,"column":7}},"9":{"start":{"line":30,"column":8},"end":{"line":40,"column":11}},"10":{"start":{"line":32,"column":16},"end":{"line":38,"column":18}},"11":{"start":{"line":43,"column":8},"end":{"line":43,"column":53}}},"fnMap":{"0":{"name":"(anonymous_0)","decl":{"start":{"line":4,"column":18},"end":{"line":4,"column":19}},"loc":{"start":{"line":4,"column":38},"end":{"line":22,"column":1}},"line":4},"1":{"name":"(anonymous_1)","decl":{"start":{"line":6,"column":14},"end":{"line":6,"column":15}},"loc":{"start":{"line":6,"column":26},"end":{"line":18,"column":5}},"line":6},"2":{"name":"(anonymous_2)","decl":{"start":{"line":8,"column":33},"end":{"line":8,"column":34}},"loc":{"start":{"line":8,"column":44},"end":{"line":16,"column":13}},"line":8},"3":{"name":"(anonymous_3)","decl":{"start":{"line":19,"column":15},"end":{"line":19,"column":16}},"loc":{"start":{"line":19,"column":24},"end":{"line":21,"column":5}},"line":19},"4":{"name":"(anonymous_4)","decl":{"start":{"line":23,"column":23},"end":{"line":23,"column":24}},"loc":{"start":{"line":23,"column":43},"end":{"line":45,"column":1}},"line":23},"5":{"name":"(anonymous_5)","decl":{"start":{"line":29,"column":14},"end":{"line":29,"column":15}},"loc":{"start":{"line":29,"column":26},"end":{"line":41,"column":5}},"line":29},"6":{"name":"(anonymous_6)","decl":{"start":{"line":31,"column":33},"end":{"line":31,"column":34}},"loc":{"start":{"line":31,"column":44},"end":{"line":39,"column":13}},"line":31},"7":{"name":"(anonymous_7)","decl":{"start":{"line":42,"column":15},"end":{"line":42,"column":16}},"loc":{"start":{"line":42,"column":24},"end":{"line":44,"column":5}},"line":42}},"branchMap":{},"s":{"0":1,"1":1,"2":1,"3":2,"4":2,"5":3,"6":0,"7":1,"8":1,"9":1,"10":3,"11":0},"f":{"0":2,"1":2,"2":3,"3":0,"4":1,"5":1,"6":3,"7":0},"b":{},"_coverageSchema":"332fd63041d2c1bcb487cc26dd0d5f7d97098a6c","hash":"64bad190d2d8e0aa5e4abbf685380d9272d1dee9"}
,"C:\\Users\\Frank\\Desktop\\projekt-reddit\\reddit-scrapper-api\\build\\scrapper\\redditScrapper.js": {"path":"C:\\Users\\Frank\\Desktop\\projekt-reddit\\reddit-scrapper-api\\build\\scrapper\\redditScrapper.js","statementMap":{"0":{"start":{"line":2,"column":0},"end":{"line":2,"column":62}},"1":{"start":{"line":3,"column":18},"end":{"line":3,"column":38}},"2":{"start":{"line":4,"column":26},"end":{"line":4,"column":64}},"3":{"start":{"line":5,"column":25},"end":{"line":5,"column":62}},"4":{"start":{"line":6,"column":23},"end":{"line":24,"column":1}},"5":{"start":{"line":7,"column":20},"end":{"line":7,"column":44}},"6":{"start":{"line":8,"column":17},"end":{"line":8,"column":40}},"7":{"start":{"line":9,"column":4},"end":{"line":9,"column":66}},"8":{"start":{"line":10,"column":4},"end":{"line":23,"column":7}},"9":{"start":{"line":12,"column":8},"end":{"line":12,"column":51}},"10":{"start":{"line":13,"column":8},"end":{"line":13,"column":24}},"11":{"start":{"line":14,"column":8},"end":{"line":14,"column":40}},"12":{"start":{"line":15,"column":8},"end":{"line":18,"column":11}},"13":{"start":{"line":17,"column":12},"end":{"line":17,"column":38}},"14":{"start":{"line":21,"column":8},"end":{"line":21,"column":24}},"15":{"start":{"line":22,"column":8},"end":{"line":22,"column":37}},"16":{"start":{"line":25,"column":0},"end":{"line":25,"column":40}}},"fnMap":{"0":{"name":"(anonymous_0)","decl":{"start":{"line":6,"column":23},"end":{"line":6,"column":24}},"loc":{"start":{"line":6,"column":42},"end":{"line":24,"column":1}},"line":6},"1":{"name":"(anonymous_1)","decl":{"start":{"line":11,"column":14},"end":{"line":11,"column":15}},"loc":{"start":{"line":11,"column":26},"end":{"line":19,"column":5}},"line":11},"2":{"name":"(anonymous_2)","decl":{"start":{"line":16,"column":18},"end":{"line":16,"column":19}},"loc":{"start":{"line":16,"column":29},"end":{"line":18,"column":9}},"line":16},"3":{"name":"(anonymous_3)","decl":{"start":{"line":20,"column":15},"end":{"line":20,"column":16}},"loc":{"start":{"line":20,"column":24},"end":{"line":23,"column":5}},"line":20}},"branchMap":{},"s":{"0":1,"1":1,"2":1,"3":1,"4":1,"5":0,"6":0,"7":0,"8":0,"9":0,"10":0,"11":0,"12":0,"13":0,"14":0,"15":0,"16":1},"f":{"0":0,"1":0,"2":0,"3":0},"b":{},"_coverageSchema":"332fd63041d2c1bcb487cc26dd0d5f7d97098a6c","hash":"7ab8a5feb02011551b7bc717255e422f84bfbcf4"}
,"C:\\Users\\Frank\\Desktop\\projekt-reddit\\reddit-scrapper-api\\build\\scrapper\\functions\\downloadImages.js": {"path":"C:\\Users\\Frank\\Desktop\\projekt-reddit\\reddit-scrapper-api\\build\\scrapper\\functions\\downloadImages.js","statementMap":{"0":{"start":{"line":2,"column":0},"end":{"line":2,"column":62}},"1":{"start":{"line":3,"column":21},"end":{"line":3,"column":42}},"2":{"start":{"line":4,"column":12},"end":{"line":4,"column":31}},"3":{"start":{"line":5,"column":12},"end":{"line":5,"column":26}},"4":{"start":{"line":6,"column":17},"end":{"line":6,"column":37}},"5":{"start":{"line":7,"column":0},"end":{"line":39,"column":2}},"6":{"start":{"line":8,"column":4},"end":{"line":38,"column":7}},"7":{"start":{"line":10,"column":8},"end":{"line":34,"column":11}},"8":{"start":{"line":11,"column":12},"end":{"line":33,"column":15}},"9":{"start":{"line":12,"column":29},"end":{"line":12,"column":41}},"10":{"start":{"line":14,"column":29},"end":{"line":14,"column":45}},"11":{"start":{"line":15,"column":29},"end":{"line":15,"column":40}},"12":{"start":{"line":16,"column":33},"end":{"line":16,"column":84}},"13":{"start":{"line":17,"column":16},"end":{"line":29,"column":19}},"14":{"start":{"line":19,"column":20},"end":{"line":25,"column":22}},"15":{"start":{"line":28,"column":20},"end":{"line":28,"column":49}},"16":{"start":{"line":32,"column":16},"end":{"line":32,"column":45}},"17":{"start":{"line":37,"column":8},"end":{"line":37,"column":37}}},"fnMap":{"0":{"name":"(anonymous_0)","decl":{"start":{"line":7,"column":25},"end":{"line":7,"column":26}},"loc":{"start":{"line":7,"column":46},"end":{"line":39,"column":1}},"line":7},"1":{"name":"(anonymous_1)","decl":{"start":{"line":9,"column":14},"end":{"line":9,"column":15}},"loc":{"start":{"line":9,"column":20},"end":{"line":35,"column":5}},"line":9},"2":{"name":"(anonymous_2)","decl":{"start":{"line":10,"column":26},"end":{"line":10,"column":27}},"loc":{"start":{"line":10,"column":37},"end":{"line":34,"column":9}},"line":10},"3":{"name":"(anonymous_3)","decl":{"start":{"line":12,"column":22},"end":{"line":12,"column":23}},"loc":{"start":{"line":12,"column":29},"end":{"line":12,"column":41}},"line":12},"4":{"name":"(anonymous_4)","decl":{"start":{"line":13,"column":22},"end":{"line":13,"column":23}},"loc":{"start":{"line":13,"column":34},"end":{"line":30,"column":13}},"line":13},"5":{"name":"(anonymous_5)","decl":{"start":{"line":18,"column":26},"end":{"line":18,"column":27}},"loc":{"start":{"line":18,"column":32},"end":{"line":26,"column":17}},"line":18},"6":{"name":"(anonymous_6)","decl":{"start":{"line":27,"column":27},"end":{"line":27,"column":28}},"loc":{"start":{"line":27,"column":36},"end":{"line":29,"column":17}},"line":27},"7":{"name":"(anonymous_7)","decl":{"start":{"line":31,"column":23},"end":{"line":31,"column":24}},"loc":{"start":{"line":31,"column":32},"end":{"line":33,"column":13}},"line":31},"8":{"name":"(anonymous_8)","decl":{"start":{"line":36,"column":15},"end":{"line":36,"column":16}},"loc":{"start":{"line":36,"column":24},"end":{"line":38,"column":5}},"line":36}},"branchMap":{},"s":{"0":2,"1":2,"2":2,"3":2,"4":2,"5":2,"6":1,"7":1,"8":2,"9":2,"10":2,"11":2,"12":2,"13":2,"14":2,"15":0,"16":0,"17":0},"f":{"0":1,"1":1,"2":2,"3":2,"4":2,"5":2,"6":0,"7":0,"8":0},"b":{},"_coverageSchema":"332fd63041d2c1bcb487cc26dd0d5f7d97098a6c","hash":"4d1ecbb73a977d4c4a08000c3b47d9390b618509"}
,"C:\\Users\\Frank\\Desktop\\projekt-reddit\\reddit-scrapper-api\\build\\scrapper\\functions\\scrapThumbnails.js": {"path":"C:\\Users\\Frank\\Desktop\\projekt-reddit\\reddit-scrapper-api\\build\\scrapper\\functions\\scrapThumbnails.js","statementMap":{"0":{"start":{"line":2,"column":0},"end":{"line":2,"column":62}},"1":{"start":{"line":3,"column":0},"end":{"line":31,"column":2}},"2":{"start":{"line":4,"column":4},"end":{"line":4,"column":32}},"3":{"start":{"line":5,"column":4},"end":{"line":5,"column":52}},"4":{"start":{"line":6,"column":4},"end":{"line":8,"column":7}},"5":{"start":{"line":7,"column":8},"end":{"line":7,"column":55}},"6":{"start":{"line":9,"column":17},"end":{"line":9,"column":19}},"7":{"start":{"line":10,"column":26},"end":{"line":20,"column":14}},"8":{"start":{"line":11,"column":23},"end":{"line":11,"column":81}},"9":{"start":{"line":12,"column":8},"end":{"line":19,"column":11}},"10":{"start":{"line":13,"column":25},"end":{"line":13,"column":33}},"11":{"start":{"line":14,"column":27},"end":{"line":14,"column":73}},"12":{"start":{"line":15,"column":26},"end":{"line":15,"column":72}},"13":{"start":{"line":16,"column":29},"end":{"line":16,"column":40}},"14":{"start":{"line":17,"column":12},"end":{"line":17,"column":37}},"15":{"start":{"line":18,"column":12},"end":{"line":18,"column":45}},"16":{"start":{"line":21,"column":4},"end":{"line":21,"column":42}},"17":{"start":{"line":22,"column":4},"end":{"line":29,"column":5}},"18":{"start":{"line":23,"column":8},"end":{"line":23,"column":42}},"19":{"start":{"line":25,"column":9},"end":{"line":29,"column":5}},"20":{"start":{"line":26,"column":8},"end":{"line":26,"column":47}},"21":{"start":{"line":27,"column":8},"end":{"line":27,"column":64}},"22":{"start":{"line":28,"column":8},"end":{"line":28,"column":85}},"23":{"start":{"line":30,"column":4},"end":{"line":30,"column":18}}},"fnMap":{"0":{"name":"(anonymous_0)","decl":{"start":{"line":3,"column":26},"end":{"line":3,"column":27}},"loc":{"start":{"line":3,"column":59},"end":{"line":31,"column":1}},"line":3},"1":{"name":"(anonymous_1)","decl":{"start":{"line":4,"column":15},"end":{"line":4,"column":16}},"loc":{"start":{"line":4,"column":21},"end":{"line":4,"column":24}},"line":4},"2":{"name":"(anonymous_2)","decl":{"start":{"line":6,"column":24},"end":{"line":6,"column":25}},"loc":{"start":{"line":6,"column":30},"end":{"line":8,"column":5}},"line":6},"3":{"name":"(anonymous_3)","decl":{"start":{"line":10,"column":46},"end":{"line":10,"column":47}},"loc":{"start":{"line":10,"column":57},"end":{"line":20,"column":5}},"line":10},"4":{"name":"(anonymous_4)","decl":{"start":{"line":12,"column":28},"end":{"line":12,"column":29}},"loc":{"start":{"line":12,"column":38},"end":{"line":19,"column":9}},"line":12}},"branchMap":{"0":{"loc":{"start":{"line":22,"column":4},"end":{"line":29,"column":5}},"type":"if","locations":[{"start":{"line":22,"column":4},"end":{"line":29,"column":5}},{"start":{"line":22,"column":4},"end":{"line":29,"column":5}}],"line":22},"1":{"loc":{"start":{"line":25,"column":9},"end":{"line":29,"column":5}},"type":"if","locations":[{"start":{"line":25,"column":9},"end":{"line":29,"column":5}},{"start":{"line":25,"column":9},"end":{"line":29,"column":5}}],"line":25}},"s":{"0":2,"1":2,"2":1,"3":1,"4":1,"5":0,"6":0,"7":0,"8":0,"9":0,"10":0,"11":0,"12":0,"13":0,"14":0,"15":0,"16":0,"17":0,"18":0,"19":0,"20":0,"21":0,"22":0,"23":0},"f":{"0":1,"1":0,"2":0,"3":0,"4":0},"b":{"0":[0,0],"1":[0,0]},"_coverageSchema":"332fd63041d2c1bcb487cc26dd0d5f7d97098a6c","hash":"a788b148e27c3e1a2ebf76cce02312ba734da2c0"}
,"C:\\Users\\Frank\\Desktop\\projekt-reddit\\reddit-scrapper-api\\src\\app.ts": {"path":"C:\\Users\\Frank\\Desktop\\projekt-reddit\\reddit-scrapper-api\\src\\app.ts","statementMap":{"0":{"start":{"line":1,"column":0},"end":{"line":1,"column":34}},"1":{"start":{"line":2,"column":0},"end":{"line":2,"column":41}},"2":{"start":{"line":3,"column":0},"end":{"line":3,"column":38}},"3":{"start":{"line":4,"column":0},"end":{"line":4,"column":28}},"4":{"start":{"line":5,"column":0},"end":{"line":5,"column":42}},"5":{"start":{"line":6,"column":0},"end":{"line":6,"column":61}},"6":{"start":{"line":7,"column":12},"end":{"line":7,"column":21}},"7":{"start":{"line":10,"column":18},"end":{"line":10,"column":48}},"8":{"start":{"line":20,"column":13},"end":{"line":20,"column":63}},"9":{"start":{"line":22,"column":0},"end":{"line":36,"column":5}},"10":{"start":{"line":25,"column":4},"end":{"line":25,"column":46}},"11":{"start":{"line":26,"column":4},"end":{"line":32,"column":8}},"12":{"start":{"line":28,"column":8},"end":{"line":28,"column":25}},"13":{"start":{"line":31,"column":8},"end":{"line":31,"column":40}},"14":{"start":{"line":35,"column":4},"end":{"line":35,"column":57}},"15":{"start":{"line":38,"column":0},"end":{"line":38,"column":16}},"16":{"start":{"line":39,"column":0},"end":{"line":39,"column":52}},"17":{"start":{"line":40,"column":0},"end":{"line":40,"column":27}},"18":{"start":{"line":42,"column":0},"end":{"line":42,"column":34}},"19":{"start":{"line":44,"column":0},"end":{"line":44,"column":53}},"20":{"start":{"line":45,"column":0},"end":{"line":45,"column":44}},"21":{"start":{"line":46,"column":0},"end":{"line":46,"column":45}},"22":{"start":{"line":48,"column":0},"end":{"line":48,"column":26}},"23":{"start":{"line":49,"column":0},"end":{"line":49,"column":41}},"24":{"start":{"line":51,"column":0},"end":{"line":51,"column":32}},"25":{"start":{"line":53,"column":0},"end":{"line":53,"column":32}},"26":{"start":{"line":56,"column":0},"end":{"line":64,"column":2}},"27":{"start":{"line":57,"column":2},"end":{"line":63,"column":6}},"28":{"start":{"line":59,"column":6},"end":{"line":59,"column":71}},"29":{"start":{"line":62,"column":6},"end":{"line":62,"column":53}},"30":{"start":{"line":66,"column":0},"end":{"line":78,"column":3}},"31":{"start":{"line":67,"column":2},"end":{"line":77,"column":6}},"32":{"start":{"line":73,"column":6},"end":{"line":73,"column":33}},"33":{"start":{"line":76,"column":6},"end":{"line":76,"column":39}},"34":{"start":{"line":82,"column":0},"end":{"line":84,"column":2}},"35":{"start":{"line":83,"column":2},"end":{"line":83,"column":36}},"36":{"start":{"line":86,"column":0},"end":{"line":86,"column":19}}},"fnMap":{"0":{"name":"(anonymous_0)","decl":{"start":{"line":24,"column":8},"end":{"line":24,"column":10}},"loc":{"start":{"line":24,"column":13},"end":{"line":33,"column":3}}},"1":{"name":"(anonymous_1)","decl":{"start":{"line":27,"column":12},"end":{"line":27,"column":14}},"loc":{"start":{"line":27,"column":17},"end":{"line":29,"column":7}}},"2":{"name":"(anonymous_2)","decl":{"start":{"line":30,"column":13},"end":{"line":30,"column":14}},"loc":{"start":{"line":30,"column":21},"end":{"line":32,"column":7}}},"3":{"name":"(anonymous_3)","decl":{"start":{"line":34,"column":9},"end":{"line":34,"column":10}},"loc":{"start":{"line":34,"column":17},"end":{"line":36,"column":3}}},"4":{"name":"(anonymous_4)","decl":{"start":{"line":56,"column":19},"end":{"line":56,"column":20}},"loc":{"start":{"line":56,"column":38},"end":{"line":64,"column":1}}},"5":{"name":"(anonymous_5)","decl":{"start":{"line":58,"column":10},"end":{"line":58,"column":12}},"loc":{"start":{"line":58,"column":15},"end":{"line":60,"column":5}}},"6":{"name":"(anonymous_6)","decl":{"start":{"line":61,"column":11},"end":{"line":61,"column":12}},"loc":{"start":{"line":61,"column":19},"end":{"line":63,"column":5}}},"7":{"name":"(anonymous_7)","decl":{"start":{"line":66,"column":19},"end":{"line":66,"column":20}},"loc":{"start":{"line":66,"column":38},"end":{"line":78,"column":1}}},"8":{"name":"(anonymous_8)","decl":{"start":{"line":72,"column":10},"end":{"line":72,"column":11}},"loc":{"start":{"line":72,"column":27},"end":{"line":74,"column":5}}},"9":{"name":"(anonymous_9)","decl":{"start":{"line":75,"column":11},"end":{"line":75,"column":12}},"loc":{"start":{"line":75,"column":19},"end":{"line":77,"column":5}}},"10":{"name":"(anonymous_10)","decl":{"start":{"line":82,"column":13},"end":{"line":82,"column":14}},"loc":{"start":{"line":82,"column":32},"end":{"line":84,"column":1}}}},"branchMap":{},"s":{"0":1,"1":1,"2":1,"3":1,"4":1,"5":1,"6":1,"7":1,"8":1,"9":1,"10":1,"11":1,"12":1,"13":0,"14":0,"15":1,"16":1,"17":1,"18":1,"19":1,"20":1,"21":1,"22":1,"23":1,"24":1,"25":1,"26":1,"27":2,"28":2,"29":0,"30":1,"31":0,"32":0,"33":0,"34":1,"35":1,"36":1},"f":{"0":1,"1":1,"2":0,"3":0,"4":2,"5":2,"6":0,"7":0,"8":0,"9":0,"10":1},"b":{}}
,"C:\\Users\\Frank\\Desktop\\projekt-reddit\\reddit-scrapper-api\\src\\config.ts": {"path":"C:\\Users\\Frank\\Desktop\\projekt-reddit\\reddit-scrapper-api\\src\\config.ts","statementMap":{"0":{"start":{"line":2,"column":24},"end":{"line":9,"column":1}},"1":{"start":{"line":36,"column":9},"end":{"line":36,"column":24}},"2":{"start":{"line":13,"column":17},"end":{"line":21,"column":1}},"3":{"start":{"line":14,"column":2},"end":{"line":20,"column":3}},"4":{"start":{"line":23,"column":17},"end":{"line":32,"column":1}},"5":{"start":{"line":36,"column":26},"end":{"line":36,"column":34}}},"fnMap":{"0":{"name":"(anonymous_0)","decl":{"start":{"line":13,"column":17},"end":{"line":13,"column":18}},"loc":{"start":{"line":13,"column":30},"end":{"line":21,"column":1}}}},"branchMap":{},"s":{"0":1,"1":1,"2":1,"3":8,"4":1,"5":1},"f":{"0":8},"b":{}}
,"C:\\Users\\Frank\\Desktop\\projekt-reddit\\reddit-scrapper-api\\src\\models\\ImageModel.ts": {"path":"C:\\Users\\Frank\\Desktop\\projekt-reddit\\reddit-scrapper-api\\src\\models\\ImageModel.ts","statementMap":{"0":{"start":{"line":1,"column":14},"end":{"line":23,"column":1}},"1":{"start":{"line":3,"column":21},"end":{"line":20,"column":4}},"2":{"start":{"line":22,"column":2},"end":{"line":22,"column":20}},"3":{"start":{"line":25,"column":9},"end":{"line":25,"column":14}}},"fnMap":{"0":{"name":"(anonymous_0)","decl":{"start":{"line":1,"column":14},"end":{"line":1,"column":15}},"loc":{"start":{"line":1,"column":39},"end":{"line":23,"column":1}}}},"branchMap":{},"s":{"0":1,"1":1,"2":1,"3":1},"f":{"0":1},"b":{}}
,"C:\\Users\\Frank\\Desktop\\projekt-reddit\\reddit-scrapper-api\\src\\routes\\delete.ts": {"path":"C:\\Users\\Frank\\Desktop\\projekt-reddit\\reddit-scrapper-api\\src\\routes\\delete.ts","statementMap":{"0":{"start":{"line":1,"column":0},"end":{"line":1,"column":35}},"1":{"start":{"line":3,"column":13},"end":{"line":20,"column":1}},"2":{"start":{"line":4,"column":2},"end":{"line":18,"column":6}},"3":{"start":{"line":10,"column":6},"end":{"line":14,"column":7}},"4":{"start":{"line":11,"column":8},"end":{"line":11,"column":64}},"5":{"start":{"line":13,"column":8},"end":{"line":13,"column":70}},"6":{"start":{"line":17,"column":6},"end":{"line":17,"column":41}}},"fnMap":{"0":{"name":"(anonymous_0)","decl":{"start":{"line":3,"column":27},"end":{"line":3,"column":28}},"loc":{"start":{"line":3,"column":46},"end":{"line":20,"column":1}}},"1":{"name":"(anonymous_1)","decl":{"start":{"line":9,"column":10},"end":{"line":9,"column":11}},"loc":{"start":{"line":9,"column":27},"end":{"line":15,"column":5}}},"2":{"name":"(anonymous_2)","decl":{"start":{"line":16,"column":11},"end":{"line":16,"column":12}},"loc":{"start":{"line":16,"column":19},"end":{"line":18,"column":5}}}},"branchMap":{"0":{"loc":{"start":{"line":10,"column":6},"end":{"line":14,"column":7}},"type":"if","locations":[{"start":{"line":10,"column":6},"end":{"line":14,"column":7}},{"start":{"line":10,"column":6},"end":{"line":14,"column":7}}]}},"s":{"0":1,"1":1,"2":2,"3":2,"4":1,"5":1,"6":0},"f":{"0":2,"1":2,"2":0},"b":{"0":[1,1]}}
,"C:\\Users\\Frank\\Desktop\\projekt-reddit\\reddit-scrapper-api\\src\\routes\\download.ts": {"path":"C:\\Users\\Frank\\Desktop\\projekt-reddit\\reddit-scrapper-api\\src\\routes\\download.ts","statementMap":{"0":{"start":{"line":1,"column":0},"end":{"line":1,"column":35}},"1":{"start":{"line":2,"column":0},"end":{"line":2,"column":59}},"2":{"start":{"line":5,"column":13},"end":{"line":42,"column":1}},"3":{"start":{"line":6,"column":2},"end":{"line":41,"column":3}},"4":{"start":{"line":7,"column":20},"end":{"line":11,"column":5}},"5":{"start":{"line":13,"column":4},"end":{"line":37,"column":9}},"6":{"start":{"line":16,"column":26},"end":{"line":25,"column":10}},"7":{"start":{"line":17,"column":10},"end":{"line":17,"column":28}},"8":{"start":{"line":18,"column":10},"end":{"line":24,"column":14}},"9":{"start":{"line":20,"column":14},"end":{"line":20,"column":26}},"10":{"start":{"line":23,"column":14},"end":{"line":23,"column":27}},"11":{"start":{"line":26,"column":8},"end":{"line":32,"column":12}},"12":{"start":{"line":28,"column":12},"end":{"line":28,"column":61}},"13":{"start":{"line":31,"column":12},"end":{"line":31,"column":66}},"14":{"start":{"line":36,"column":8},"end":{"line":36,"column":62}},"15":{"start":{"line":40,"column":4},"end":{"line":40,"column":72}}},"fnMap":{"0":{"name":"(anonymous_0)","decl":{"start":{"line":5,"column":24},"end":{"line":5,"column":25}},"loc":{"start":{"line":5,"column":43},"end":{"line":42,"column":1}}},"1":{"name":"(anonymous_1)","decl":{"start":{"line":14,"column":12},"end":{"line":14,"column":13}},"loc":{"start":{"line":14,"column":23},"end":{"line":34,"column":7}}},"2":{"name":"(anonymous_2)","decl":{"start":{"line":16,"column":37},"end":{"line":16,"column":38}},"loc":{"start":{"line":16,"column":47},"end":{"line":25,"column":9}}},"3":{"name":"(anonymous_3)","decl":{"start":{"line":19,"column":18},"end":{"line":19,"column":20}},"loc":{"start":{"line":19,"column":23},"end":{"line":21,"column":13}}},"4":{"name":"(anonymous_4)","decl":{"start":{"line":22,"column":19},"end":{"line":22,"column":20}},"loc":{"start":{"line":22,"column":27},"end":{"line":24,"column":13}}},"5":{"name":"(anonymous_5)","decl":{"start":{"line":27,"column":16},"end":{"line":27,"column":18}},"loc":{"start":{"line":27,"column":21},"end":{"line":29,"column":11}}},"6":{"name":"(anonymous_6)","decl":{"start":{"line":30,"column":17},"end":{"line":30,"column":18}},"loc":{"start":{"line":30,"column":25},"end":{"line":32,"column":11}}},"7":{"name":"(anonymous_7)","decl":{"start":{"line":35,"column":13},"end":{"line":35,"column":14}},"loc":{"start":{"line":35,"column":21},"end":{"line":37,"column":7}}}},"branchMap":{"0":{"loc":{"start":{"line":6,"column":2},"end":{"line":41,"column":3}},"type":"if","locations":[{"start":{"line":6,"column":2},"end":{"line":41,"column":3}},{"start":{"line":6,"column":2},"end":{"line":41,"column":3}}]},"1":{"loc":{"start":{"line":6,"column":6},"end":{"line":6,"column":26}},"type":"binary-expr","locations":[{"start":{"line":6,"column":6},"end":{"line":6,"column":26}},{"start":{"line":6,"column":30},"end":{"line":6,"column":48}}]}},"s":{"0":1,"1":1,"2":1,"3":1,"4":0,"5":0,"6":0,"7":0,"8":0,"9":0,"10":0,"11":0,"12":0,"13":0,"14":0,"15":1},"f":{"0":1,"1":0,"2":0,"3":0,"4":0,"5":0,"6":0,"7":0},"b":{"0":[0,1],"1":[1,0]}}
,"C:\\Users\\Frank\\Desktop\\projekt-reddit\\reddit-scrapper-api\\src\\routes\\list.ts": {"path":"C:\\Users\\Frank\\Desktop\\projekt-reddit\\reddit-scrapper-api\\src\\routes\\list.ts","statementMap":{"0":{"start":{"line":1,"column":0},"end":{"line":1,"column":35}},"1":{"start":{"line":4,"column":13},"end":{"line":22,"column":1}},"2":{"start":{"line":5,"column":2},"end":{"line":21,"column":6}},"3":{"start":{"line":7,"column":6},"end":{"line":17,"column":9}},"4":{"start":{"line":9,"column":10},"end":{"line":15,"column":11}},"5":{"start":{"line":20,"column":6},"end":{"line":20,"column":51}},"6":{"start":{"line":24,"column":13},"end":{"line":47,"column":1}},"7":{"start":{"line":25,"column":2},"end":{"line":46,"column":6}},"8":{"start":{"line":32,"column":6},"end":{"line":42,"column":9}},"9":{"start":{"line":34,"column":10},"end":{"line":40,"column":11}},"10":{"start":{"line":45,"column":6},"end":{"line":45,"column":51}}},"fnMap":{"0":{"name":"(anonymous_0)","decl":{"start":{"line":4,"column":23},"end":{"line":4,"column":24}},"loc":{"start":{"line":4,"column":42},"end":{"line":22,"column":1}}},"1":{"name":"(anonymous_1)","decl":{"start":{"line":6,"column":10},"end":{"line":6,"column":11}},"loc":{"start":{"line":6,"column":21},"end":{"line":18,"column":5}}},"2":{"name":"(anonymous_2)","decl":{"start":{"line":8,"column":29},"end":{"line":8,"column":30}},"loc":{"start":{"line":8,"column":39},"end":{"line":16,"column":9}}},"3":{"name":"(anonymous_3)","decl":{"start":{"line":19,"column":11},"end":{"line":19,"column":12}},"loc":{"start":{"line":19,"column":19},"end":{"line":21,"column":5}}},"4":{"name":"(anonymous_4)","decl":{"start":{"line":24,"column":28},"end":{"line":24,"column":29}},"loc":{"start":{"line":24,"column":47},"end":{"line":47,"column":1}}},"5":{"name":"(anonymous_5)","decl":{"start":{"line":30,"column":10},"end":{"line":30,"column":11}},"loc":{"start":{"line":30,"column":21},"end":{"line":43,"column":5}}},"6":{"name":"(anonymous_6)","decl":{"start":{"line":33,"column":29},"end":{"line":33,"column":30}},"loc":{"start":{"line":33,"column":39},"end":{"line":41,"column":9}}},"7":{"name":"(anonymous_7)","decl":{"start":{"line":44,"column":11},"end":{"line":44,"column":12}},"loc":{"start":{"line":44,"column":19},"end":{"line":46,"column":5}}}},"branchMap":{},"s":{"0":1,"1":1,"2":2,"3":2,"4":3,"5":0,"6":1,"7":1,"8":1,"9":3,"10":0},"f":{"0":2,"1":2,"2":3,"3":0,"4":1,"5":1,"6":3,"7":0},"b":{}}
,"C:\\Users\\Frank\\Desktop\\projekt-reddit\\reddit-scrapper-api\\src\\scrapper\\redditScrapper.ts": {"path":"C:\\Users\\Frank\\Desktop\\projekt-reddit\\reddit-scrapper-api\\src\\scrapper\\redditScrapper.ts","statementMap":{"0":{"start":{"line":1,"column":0},"end":{"line":1,"column":38}},"1":{"start":{"line":2,"column":0},"end":{"line":2,"column":61}},"2":{"start":{"line":3,"column":0},"end":{"line":3,"column":59}},"3":{"start":{"line":26,"column":23},"end":{"line":46,"column":1}},"4":{"start":{"line":27,"column":18},"end":{"line":27,"column":42}},"5":{"start":{"line":29,"column":15},"end":{"line":29,"column":38}},"6":{"start":{"line":30,"column":2},"end":{"line":30,"column":64}},"7":{"start":{"line":32,"column":2},"end":{"line":45,"column":7}},"8":{"start":{"line":34,"column":6},"end":{"line":34,"column":49}},"9":{"start":{"line":35,"column":6},"end":{"line":35,"column":22}},"10":{"start":{"line":36,"column":6},"end":{"line":36,"column":38}},"11":{"start":{"line":37,"column":6},"end":{"line":40,"column":10}},"12":{"start":{"line":39,"column":10},"end":{"line":39,"column":36}},"13":{"start":{"line":43,"column":6},"end":{"line":43,"column":22}},"14":{"start":{"line":44,"column":6},"end":{"line":44,"column":35}},"15":{"start":{"line":48,"column":9},"end":{"line":48,"column":23}}},"fnMap":{"0":{"name":"(anonymous_0)","decl":{"start":{"line":26,"column":23},"end":{"line":26,"column":27}},"loc":{"start":{"line":26,"column":41},"end":{"line":46,"column":1}}},"1":{"name":"(anonymous_1)","decl":{"start":{"line":33,"column":10},"end":{"line":33,"column":11}},"loc":{"start":{"line":33,"column":21},"end":{"line":41,"column":5}}},"2":{"name":"(anonymous_2)","decl":{"start":{"line":38,"column":14},"end":{"line":38,"column":15}},"loc":{"start":{"line":38,"column":24},"end":{"line":40,"column":9}}},"3":{"name":"(anonymous_3)","decl":{"start":{"line":42,"column":11},"end":{"line":42,"column":12}},"loc":{"start":{"line":42,"column":19},"end":{"line":45,"column":5}}}},"branchMap":{},"s":{"0":1,"1":1,"2":1,"3":1,"4":0,"5":0,"6":0,"7":0,"8":0,"9":0,"10":0,"11":0,"12":0,"13":0,"14":0,"15":1},"f":{"0":0,"1":0,"2":0,"3":0},"b":{}}
,"C:\\Users\\Frank\\Desktop\\projekt-reddit\\reddit-scrapper-api\\src\\scrapper\\functions\\downloadImages.ts": {"path":"C:\\Users\\Frank\\Desktop\\projekt-reddit\\reddit-scrapper-api\\src\\scrapper\\functions\\downloadImages.ts","statementMap":{"0":{"start":{"line":1,"column":0},"end":{"line":1,"column":30}},"1":{"start":{"line":2,"column":0},"end":{"line":2,"column":31}},"2":{"start":{"line":3,"column":0},"end":{"line":3,"column":26}},"3":{"start":{"line":4,"column":0},"end":{"line":4,"column":37}},"4":{"start":{"line":7,"column":13},"end":{"line":44,"column":2}},"5":{"start":{"line":10,"column":2},"end":{"line":42,"column":6}},"6":{"start":{"line":12,"column":6},"end":{"line":38,"column":8}},"7":{"start":{"line":13,"column":8},"end":{"line":37,"column":12}},"8":{"start":{"line":14,"column":23},"end":{"line":14,"column":35}},"9":{"start":{"line":16,"column":25},"end":{"line":16,"column":41}},"10":{"start":{"line":17,"column":25},"end":{"line":17,"column":36}},"11":{"start":{"line":18,"column":29},"end":{"line":18,"column":80}},"12":{"start":{"line":20,"column":12},"end":{"line":32,"column":16}},"13":{"start":{"line":22,"column":16},"end":{"line":28,"column":18}},"14":{"start":{"line":31,"column":16},"end":{"line":31,"column":45}},"15":{"start":{"line":36,"column":12},"end":{"line":36,"column":40}},"16":{"start":{"line":41,"column":6},"end":{"line":41,"column":35}}},"fnMap":{"0":{"name":"(anonymous_0)","decl":{"start":{"line":7,"column":30},"end":{"line":7,"column":31}},"loc":{"start":{"line":7,"column":72},"end":{"line":44,"column":1}}},"1":{"name":"(anonymous_1)","decl":{"start":{"line":11,"column":10},"end":{"line":11,"column":12}},"loc":{"start":{"line":11,"column":15},"end":{"line":39,"column":5}}},"2":{"name":"(anonymous_2)","decl":{"start":{"line":12,"column":24},"end":{"line":12,"column":25}},"loc":{"start":{"line":12,"column":34},"end":{"line":38,"column":7}}},"3":{"name":"(anonymous_3)","decl":{"start":{"line":14,"column":16},"end":{"line":14,"column":18}},"loc":{"start":{"line":14,"column":23},"end":{"line":14,"column":35}}},"4":{"name":"(anonymous_4)","decl":{"start":{"line":15,"column":16},"end":{"line":15,"column":17}},"loc":{"start":{"line":15,"column":27},"end":{"line":34,"column":11}}},"5":{"name":"(anonymous_5)","decl":{"start":{"line":21,"column":20},"end":{"line":21,"column":22}},"loc":{"start":{"line":21,"column":25},"end":{"line":29,"column":15}}},"6":{"name":"(anonymous_6)","decl":{"start":{"line":30,"column":21},"end":{"line":30,"column":22}},"loc":{"start":{"line":30,"column":29},"end":{"line":32,"column":15}}},"7":{"name":"(anonymous_7)","decl":{"start":{"line":35,"column":17},"end":{"line":35,"column":18}},"loc":{"start":{"line":35,"column":25},"end":{"line":37,"column":11}}},"8":{"name":"(anonymous_8)","decl":{"start":{"line":40,"column":11},"end":{"line":40,"column":12}},"loc":{"start":{"line":40,"column":19},"end":{"line":42,"column":5}}}},"branchMap":{},"s":{"0":2,"1":2,"2":2,"3":2,"4":2,"5":1,"6":1,"7":2,"8":2,"9":2,"10":2,"11":2,"12":2,"13":2,"14":0,"15":0,"16":0},"f":{"0":1,"1":1,"2":2,"3":2,"4":2,"5":2,"6":0,"7":0,"8":0},"b":{}}
,"C:\\Users\\Frank\\Desktop\\projekt-reddit\\reddit-scrapper-api\\src\\scrapper\\functions\\scrapThumbnails.ts": {"path":"C:\\Users\\Frank\\Desktop\\projekt-reddit\\reddit-scrapper-api\\src\\scrapper\\functions\\scrapThumbnails.ts","statementMap":{"0":{"start":{"line":7,"column":13},"end":{"line":51,"column":2}},"1":{"start":{"line":9,"column":2},"end":{"line":9,"column":29}},"2":{"start":{"line":11,"column":2},"end":{"line":11,"column":50}},"3":{"start":{"line":12,"column":2},"end":{"line":14,"column":5}},"4":{"start":{"line":13,"column":4},"end":{"line":13,"column":51}},"5":{"start":{"line":16,"column":24},"end":{"line":16,"column":26}},"6":{"start":{"line":21,"column":33},"end":{"line":36,"column":12}},"7":{"start":{"line":23,"column":19},"end":{"line":23,"column":77}},"8":{"start":{"line":27,"column":4},"end":{"line":34,"column":7}},"9":{"start":{"line":28,"column":19},"end":{"line":28,"column":27}},"10":{"start":{"line":29,"column":26},"end":{"line":29,"column":72}},"11":{"start":{"line":30,"column":20},"end":{"line":30,"column":66}},"12":{"start":{"line":31,"column":23},"end":{"line":31,"column":34}},"13":{"start":{"line":32,"column":6},"end":{"line":32,"column":31}},"14":{"start":{"line":33,"column":6},"end":{"line":33,"column":39}},"15":{"start":{"line":37,"column":2},"end":{"line":37,"column":40}},"16":{"start":{"line":39,"column":2},"end":{"line":48,"column":3}},"17":{"start":{"line":40,"column":4},"end":{"line":40,"column":37}},"18":{"start":{"line":42,"column":9},"end":{"line":48,"column":3}},"19":{"start":{"line":44,"column":4},"end":{"line":44,"column":43}},"20":{"start":{"line":45,"column":4},"end":{"line":45,"column":60}},"21":{"start":{"line":47,"column":4},"end":{"line":47,"column":73}},"22":{"start":{"line":50,"column":2},"end":{"line":50,"column":16}}},"fnMap":{"0":{"name":"(anonymous_0)","decl":{"start":{"line":7,"column":31},"end":{"line":7,"column":35}},"loc":{"start":{"line":7,"column":111},"end":{"line":51,"column":1}}},"1":{"name":"(anonymous_1)","decl":{"start":{"line":9,"column":13},"end":{"line":9,"column":15}},"loc":{"start":{"line":9,"column":18},"end":{"line":9,"column":22}}},"2":{"name":"(anonymous_2)","decl":{"start":{"line":12,"column":22},"end":{"line":12,"column":24}},"loc":{"start":{"line":12,"column":27},"end":{"line":14,"column":3}}},"3":{"name":"(anonymous_3)","decl":{"start":{"line":21,"column":53},"end":{"line":21,"column":54}},"loc":{"start":{"line":21,"column":63},"end":{"line":36,"column":3}}},"4":{"name":"(anonymous_4)","decl":{"start":{"line":27,"column":24},"end":{"line":27,"column":25}},"loc":{"start":{"line":27,"column":51},"end":{"line":34,"column":5}}}},"branchMap":{"0":{"loc":{"start":{"line":39,"column":2},"end":{"line":48,"column":3}},"type":"if","locations":[{"start":{"line":39,"column":2},"end":{"line":48,"column":3}},{"start":{"line":39,"column":2},"end":{"line":48,"column":3}}]},"1":{"loc":{"start":{"line":42,"column":9},"end":{"line":48,"column":3}},"type":"if","locations":[{"start":{"line":42,"column":9},"end":{"line":48,"column":3}},{"start":{"line":42,"column":9},"end":{"line":48,"column":3}}]}},"s":{"0":2,"1":1,"2":1,"3":1,"4":0,"5":0,"6":0,"7":0,"8":0,"9":0,"10":0,"11":0,"12":0,"13":0,"14":0,"15":0,"16":0,"17":0,"18":0,"19":0,"20":0,"21":0,"22":0},"f":{"0":1,"1":0,"2":0,"3":0,"4":0},"b":{"0":[0,0],"1":[0,0]}}
}
