{"C:\\Users\\Frank\\Desktop\\projekt-reddit\\reddit-scrapper-api\\build\\xd.js": {"path":"C:\\Users\\Frank\\Desktop\\projekt-reddit\\reddit-scrapper-api\\build\\xd.js","statementMap":{"0":{"start":{"line":2,"column":0},"end":{"line":2,"column":62}},"1":{"start":{"line":3,"column":0},"end":{"line":5,"column":2}},"2":{"start":{"line":4,"column":4},"end":{"line":4,"column":26}},"3":{"start":{"line":6,"column":0},"end":{"line":6,"column":32}}},"fnMap":{"0":{"name":"(anonymous_0)","decl":{"start":{"line":3,"column":16},"end":{"line":3,"column":17}},"loc":{"start":{"line":3,"column":22},"end":{"line":5,"column":1}},"line":3}},"branchMap":{},"s":{"0":1,"1":1,"2":1,"3":1},"f":{"0":1},"b":{},"_coverageSchema":"332fd63041d2c1bcb487cc26dd0d5f7d97098a6c","hash":"9e97e71a2f883cfc11e4d984b5ee20d3b511143c"}
,"C:\\Users\\Frank\\Desktop\\projekt-reddit\\reddit-scrapper-api\\src\\xd.ts": {"path":"C:\\Users\\Frank\\Desktop\\projekt-reddit\\reddit-scrapper-api\\src\\xd.ts","statementMap":{"0":{"start":{"line":1,"column":13},"end":{"line":3,"column":1}},"1":{"start":{"line":2,"column":2},"end":{"line":2,"column":24}},"2":{"start":{"line":5,"column":0},"end":{"line":5,"column":21}}},"fnMap":{"0":{"name":"(anonymous_0)","decl":{"start":{"line":1,"column":21},"end":{"line":1,"column":23}},"loc":{"start":{"line":1,"column":26},"end":{"line":3,"column":1}}}},"branchMap":{},"s":{"0":1,"1":1,"2":1},"f":{"0":1},"b":{}}
}
